<?xml version="1.0" encoding="UTF-8"?>
<!-- Generated by org.testng.reporters.JUnitReportReporter -->
<testsuite skipped="0" hostname="TetuanW10Dev23" name="com.crm.qa.testcases.SolicitudHomologacionPageTest" tests="1" failures="0" timestamp="2020-08-26T19:00:04 CEST" time="91.587" errors="0">
  <testcase name="homologacionTest" time="91.587" classname="com.crm.qa.testcases.SolicitudHomologacionPageTest"/>
  <system-out/>
</testsuite> <!-- com.crm.qa.testcases.SolicitudHomologacionPageTest -->
