<?xml version="1.0" encoding="UTF-8"?>
<!-- Generated by org.testng.reporters.JUnitReportReporter -->
<testsuite skipped="0" hostname="TetuanW10Dev23" name="com.crm.qa.testcases.LoginPageTest" tests="1" failures="0" timestamp="2020-08-19T11:27:25 CEST" time="26.646" errors="0">
  <testcase name="loginPageTitleTest" time="26.646" classname="com.crm.qa.testcases.LoginPageTest"/>
  <system-out/>
</testsuite> <!-- com.crm.qa.testcases.LoginPageTest -->
