<?xml version="1.0" encoding="UTF-8"?>
<!-- Generated by org.testng.reporters.JUnitReportReporter -->
<testsuite skipped="0" hostname="TetuanW10Dev23" name="com.crm.qa.testcases.LoginPageTest" tests="1" failures="0" timestamp="2020-08-26T13:36:36 CEST" time="45.912" errors="0">
  <testcase name="homologacionTest" time="45.912" classname="com.crm.qa.testcases.LoginPageTest"/>
  <system-out/>
</testsuite> <!-- com.crm.qa.testcases.LoginPageTest -->
