<?xml version="1.0" encoding="UTF-8"?>
<!-- Generated by org.testng.reporters.JUnitReportReporter -->
<testsuite skipped="0" hostname="TetuanW10Dev23" name="com.mcin.qa.testcases.SolicitudEquivalenciaPageTest" tests="2" failures="0" timestamp="2020-09-08T12:28:12 CEST" time="362.251" errors="0">
  <testcase name="equivalenciaSolicitanteTest" time="164.675" classname="com.mcin.qa.testcases.SolicitudEquivalenciaPageTest"/>
  <system-out/>
  <testcase name="equivalenciaRepresentanteTest" time="197.576" classname="com.mcin.qa.testcases.SolicitudEquivalenciaPageTest"/>
  <system-out/>
</testsuite> <!-- com.mcin.qa.testcases.SolicitudEquivalenciaPageTest -->
