<?xml version="1.0" encoding="UTF-8"?>
<!-- Generated by org.testng.reporters.JUnitReportReporter -->
<testsuite skipped="0" hostname="TetuanW10Dev23" name="com.mcin.qa.testcases.SolicitudReconocimientoPageTest" tests="2" failures="0" timestamp="2020-09-08T12:28:12 CEST" time="298.794" errors="0">
  <testcase name="reconocimientoSolicitanteTest" time="134.427" classname="com.mcin.qa.testcases.SolicitudReconocimientoPageTest"/>
  <system-out/>
  <testcase name="reconocimientoRepresentanteTest" time="164.367" classname="com.mcin.qa.testcases.SolicitudReconocimientoPageTest"/>
  <system-out/>
</testsuite> <!-- com.mcin.qa.testcases.SolicitudReconocimientoPageTest -->
