<?xml version="1.0" encoding="UTF-8"?>
<!-- Generated by org.testng.reporters.JUnitReportReporter -->
<testsuite skipped="0" hostname="TetuanW10Dev23" name="com.mcin.qa.testcases.SolicitudHomologacionPageTest" tests="1" failures="0" timestamp="2020-09-07T09:58:31 CEST" time="152.341" errors="0">
  <testcase name="homologacionSolicitanteTest" time="152.341" classname="com.mcin.qa.testcases.SolicitudHomologacionPageTest"/>
  <system-out/>
</testsuite> <!-- com.mcin.qa.testcases.SolicitudHomologacionPageTest -->
