<?xml version="1.0" encoding="UTF-8"?>
<!-- Generated by org.testng.reporters.JUnitReportReporter -->
<testsuite skipped="0" hostname="TetuanW10Dev23" name="com.mcin.qa.testcases.SolicitudHomologacionPageTest" tests="2" failures="0" timestamp="2020-09-07T14:51:26 CEST" time="318.716" errors="0">
  <testcase name="homologacionSolicitanteTest" time="146.808" classname="com.mcin.qa.testcases.SolicitudHomologacionPageTest"/>
  <system-out/>
  <testcase name="homologacionRepresentanteTest" time="171.908" classname="com.mcin.qa.testcases.SolicitudHomologacionPageTest"/>
  <system-out/>
</testsuite> <!-- com.mcin.qa.testcases.SolicitudHomologacionPageTest -->
