<?xml version="1.0" encoding="UTF-8"?>
<!-- Generated by org.testng.reporters.JUnitReportReporter -->
<testsuite skipped="0" hostname="TetuanW10Dev23" name="com.mcin.qa.testcases.SolicitudEquivalenciaPageTest" tests="1" failures="0" timestamp="2020-09-04T11:05:42 CEST" time="161.292" errors="0">
  <testcase name="equivalenciaSolicitanteTest" time="161.292" classname="com.mcin.qa.testcases.SolicitudEquivalenciaPageTest"/>
  <system-out/>
</testsuite> <!-- com.mcin.qa.testcases.SolicitudEquivalenciaPageTest -->
