<?xml version="1.0" encoding="UTF-8"?>
<!-- Generated by org.testng.reporters.JUnitReportReporter -->
<testsuite skipped="0" hostname="TetuanW10Dev23" name="com.mcin.qa.testcases.SolicitudEquivalenciaPageTest" tests="2" failures="0" timestamp="2020-09-07T14:51:26 CEST" time="348.775" errors="0">
  <testcase name="equivalenciaSolicitanteTest" time="159.386" classname="com.mcin.qa.testcases.SolicitudEquivalenciaPageTest"/>
  <system-out/>
  <testcase name="equivalenciaRepresentanteTest" time="189.389" classname="com.mcin.qa.testcases.SolicitudEquivalenciaPageTest"/>
  <system-out/>
</testsuite> <!-- com.mcin.qa.testcases.SolicitudEquivalenciaPageTest -->
