<?xml version="1.0" encoding="UTF-8"?>
<!-- Generated by org.testng.reporters.JUnitReportReporter -->
<testsuite skipped="0" hostname="TetuanW10Dev23" name="com.mcin.qa.testcases.SolicitudAcreditacionPageTest" tests="2" failures="0" timestamp="2020-09-08T12:28:12 CEST" time="325.366" errors="0">
  <testcase name="acreditacionSolicitanteTest" time="149.231" classname="com.mcin.qa.testcases.SolicitudAcreditacionPageTest"/>
  <system-out/>
  <testcase name="acreditacionRepresentanteTest" time="176.135" classname="com.mcin.qa.testcases.SolicitudAcreditacionPageTest"/>
  <system-out/>
</testsuite> <!-- com.mcin.qa.testcases.SolicitudAcreditacionPageTest -->
